<?xml version="1.0" encoding="UTF-8"?>
<!-- Generated by org.testng.reporters.JUnitXMLReporter -->
<testsuite ignored="0" hostname="ATMECSINDT-066" failures="6" tests="7" name="Home Page test" time="69.283" errors="0" timestamp="2019-08-30T09:27:13 IST">
  <testcase classname="com.atmecs.demoqa.testscrpits.HomePageTest" name="isLogoDisplayedTest" time="0.157"/>
  <testcase classname="com.atmecs.demoqa.testscrpits.HomePageTest" name="isProductDisplayedTest" time="0.275">
    <failure type="java.lang.IllegalArgumentException" message="Cannot find elements when the XPath is null.">
      <![CDATA[java.lang.IllegalArgumentException: Cannot find elements when the XPath is null.
at org.openqa.selenium.By$ByXPath.<init>(By.java:339)
at org.openqa.selenium.By.xpath(By.java:92)
at com.atmecs.demoqa.helpers.HomePageHelper.isProductDiscriptionValid(HomePageHelper.java:99)
at com.atmecs.demoqa.pages.HomePage.isProductDisplayed(HomePage.java:57)
at com.atmecs.demoqa.testscrpits.HomePageTest.isProductDisplayedTest(HomePageTest.java:50)
at java.base/java.util.ArrayList.forEach(ArrayList.java:1540)
... Removed 27 stack frames]]>
    </failure>
  </testcase> <!-- isProductDisplayedTest -->
  <testcase classname="com.atmecs.demoqa.testscrpits.HomePageTest" name="isProductDisplayedTest" time="0.117">
    <failure type="java.lang.IllegalArgumentException" message="Cannot find elements when the XPath is null.">
      <![CDATA[java.lang.IllegalArgumentException: Cannot find elements when the XPath is null.
at org.openqa.selenium.By$ByXPath.<init>(By.java:339)
at org.openqa.selenium.By.xpath(By.java:92)
at com.atmecs.demoqa.utils.Displayed.isPropertyDisplayed(Displayed.java:14)
at com.atmecs.demoqa.helpers.HomePageHelper.isProductDiscriptionDisplayed(HomePageHelper.java:57)
at com.atmecs.demoqa.pages.HomePage.isProductDisplayed(HomePage.java:54)
at com.atmecs.demoqa.testscrpits.HomePageTest.isProductDisplayedTest(HomePageTest.java:50)
at java.base/java.util.ArrayList.forEach(ArrayList.java:1540)
... Removed 27 stack frames]]>
    </failure>
  </testcase> <!-- isProductDisplayedTest -->
  <testcase classname="com.atmecs.demoqa.testscrpits.HomePageTest" name="isProductDisplayedTest" time="0.089">
    <failure type="java.lang.IllegalArgumentException" message="Cannot find elements when the XPath is null.">
      <![CDATA[java.lang.IllegalArgumentException: Cannot find elements when the XPath is null.
at org.openqa.selenium.By$ByXPath.<init>(By.java:339)
at org.openqa.selenium.By.xpath(By.java:92)
at com.atmecs.demoqa.utils.Displayed.isPropertyDisplayed(Displayed.java:14)
at com.atmecs.demoqa.helpers.HomePageHelper.isProductDiscriptionDisplayed(HomePageHelper.java:57)
at com.atmecs.demoqa.pages.HomePage.isProductDisplayed(HomePage.java:54)
at com.atmecs.demoqa.testscrpits.HomePageTest.isProductDisplayedTest(HomePageTest.java:50)
at java.base/java.util.ArrayList.forEach(ArrayList.java:1540)
... Removed 27 stack frames]]>
    </failure>
  </testcase> <!-- isProductDisplayedTest -->
  <testcase classname="com.atmecs.demoqa.testscrpits.HomePageTest" name="isProductDisplayedTest" time="0.107">
    <failure type="java.lang.IllegalArgumentException" message="Cannot find elements when the XPath is null.">
      <![CDATA[java.lang.IllegalArgumentException: Cannot find elements when the XPath is null.
at org.openqa.selenium.By$ByXPath.<init>(By.java:339)
at org.openqa.selenium.By.xpath(By.java:92)
at com.atmecs.demoqa.utils.Displayed.isPropertyDisplayed(Displayed.java:14)
at com.atmecs.demoqa.helpers.HomePageHelper.isProductDiscriptionDisplayed(HomePageHelper.java:57)
at com.atmecs.demoqa.pages.HomePage.isProductDisplayed(HomePage.java:54)
at com.atmecs.demoqa.testscrpits.HomePageTest.isProductDisplayedTest(HomePageTest.java:50)
at java.base/java.util.ArrayList.forEach(ArrayList.java:1540)
... Removed 27 stack frames]]>
    </failure>
  </testcase> <!-- isProductDisplayedTest -->
  <testcase classname="com.atmecs.demoqa.testscrpits.HomePageTest" name="isProductDisplayedTest" time="0.104">
    <failure type="java.lang.IllegalArgumentException" message="Cannot find elements when the XPath is null.">
      <![CDATA[java.lang.IllegalArgumentException: Cannot find elements when the XPath is null.
at org.openqa.selenium.By$ByXPath.<init>(By.java:339)
at org.openqa.selenium.By.xpath(By.java:92)
at com.atmecs.demoqa.utils.Displayed.isPropertyDisplayed(Displayed.java:14)
at com.atmecs.demoqa.helpers.HomePageHelper.isProductDiscriptionDisplayed(HomePageHelper.java:57)
at com.atmecs.demoqa.pages.HomePage.isProductDisplayed(HomePage.java:54)
at com.atmecs.demoqa.testscrpits.HomePageTest.isProductDisplayedTest(HomePageTest.java:50)
at java.base/java.util.ArrayList.forEach(ArrayList.java:1540)
... Removed 27 stack frames]]>
    </failure>
  </testcase> <!-- isProductDisplayedTest -->
  <testcase classname="com.atmecs.demoqa.testscrpits.HomePageTest" name="isProductDisplayedTest" time="0.1">
    <failure type="java.lang.IllegalArgumentException" message="Cannot find elements when the XPath is null.">
      <![CDATA[java.lang.IllegalArgumentException: Cannot find elements when the XPath is null.
at org.openqa.selenium.By$ByXPath.<init>(By.java:339)
at org.openqa.selenium.By.xpath(By.java:92)
at com.atmecs.demoqa.utils.Displayed.isPropertyDisplayed(Displayed.java:14)
at com.atmecs.demoqa.helpers.HomePageHelper.isProductDiscriptionDisplayed(HomePageHelper.java:57)
at com.atmecs.demoqa.pages.HomePage.isProductDisplayed(HomePage.java:54)
at com.atmecs.demoqa.testscrpits.HomePageTest.isProductDisplayedTest(HomePageTest.java:50)
at java.base/java.util.ArrayList.forEach(ArrayList.java:1540)
... Removed 27 stack frames]]>
    </failure>
  </testcase> <!-- isProductDisplayedTest -->
</testsuite> <!-- Home Page test -->
